<?xml version="1.0" encoding="UTF-8"?>
<testng-results ignored="0" total="1" passed="1" failed="0" skipped="0">
  <reporter-output>
  </reporter-output>
  <suite started-at="2021-04-11T22:11:56 COT" name="Default suite" finished-at="2021-04-11T22:12:07 COT" duration-ms="10696">
    <groups>
    </groups>
    <test started-at="2021-04-11T22:11:56 COT" name="Default test" finished-at="2021-04-11T22:12:07 COT" duration-ms="10696">
      <class name="Task.Orange.OrangeLogin1">
        <test-method signature="Login()[pri:0, instance:Task.Orange.OrangeLogin1@1677d1]" started-at="2021-04-11T22:11:56 COT" name="Login" finished-at="2021-04-11T22:12:07 COT" duration-ms="10624" status="PASS">
          <reporter-output>
          </reporter-output>
        </test-method> <!-- Login -->
      </class> <!-- Task.Orange.OrangeLogin1 -->
    </test> <!-- Default test -->
  </suite> <!-- Default suite -->
</testng-results>
